2017-08-28T18:41:46.969Z||main|DataRouter||ajsc.VandelayService||ERROR|NMBS-VANDELAYSVC-0565: For user [data-router service], [{}] failed to import due to non-existent Context name 
2017-08-28T18:41:47.022Z||main|DataRouter||ajsc.VandelayService||ERROR|NMBS-VANDELAYSVC-0565: For user [data-router service], [{}] failed to import due to non-existent Context name 
2017-08-28T18:41:47.023Z||main|DataRouter||ajsc.VandelayService||ERROR|NMBS-VANDELAYSVC-0565: For user [data-router service], [{}] failed to import due to non-existent Context name 
2017-08-28T18:41:47.033Z||main|DataRouter||ajsc.VandelayService||ERROR|NMBS-VANDELAYSVC-0565: For user [data-router service], [{}] failed to import due to non-existent Context name 
2017-08-28T18:41:47.038Z||main|DataRouter||ajsc.VandelayService||ERROR|NMBS-VANDELAYSVC-0565: For user [data-router service], [{}] failed to import due to non-existent Context name 
2017-08-28T18:41:47.047Z||main|DataRouter||ajsc.VandelayService||ERROR|NMBS-VANDELAYSVC-0565: For user [data-router service], [{}] failed to import due to non-existent Context name 
2017-08-28T18:41:47.056Z||main|DataRouter||ajsc.VandelayService||ERROR|NMBS-VANDELAYSVC-0565: For user [data-router service], [{}] failed to import due to non-existent Context name 
2017-08-28T18:42:04.335Z||main|DataRouter||ajsc.VandelayService||ERROR|NMBS-VANDELAYSVC-0565: For user [data-router service], [{}] failed to import due to non-existent Context name 
2017-08-28T18:42:10.864Z||main|DataRouter||com.att.ajsc.csi.restmethodmap.RestMethodMapInterceptor||INFO|Creating new RestMethodMapInterceptor...
2017-08-28T18:42:11.048Z||main|DataRouter||com.att.ajsc.csi.restmethodmap.RefresheableSimpleRouteMatcher||INFO|Refresh of service spec from file /opt/app/data-router/bundleconfig/etc/appprops/methodMapper.properties
2017-08-28T18:42:11.335Z||main|DataRouter||com.att.ajsc.csi.restmethodmap.RefresheableSimpleRouteMatcher||INFO|Reading file...
2017-08-28T18:42:16.444Z||main|DataRouter||com.att.ajsc.csi.restmethodmap.RefresheableSimpleRouteMatcher||INFO|Creating new matcher...
2017-08-28T18:51:17.782Z||main|DataRouter||org.codehaus.groovy.grails.commons.spring.GrailsApplicationContext||INFO|Refreshing org.codehaus.groovy.grails.commons.spring.GrailsApplicationContext@93f432e: startup date [Mon Aug 28 18:51:17 UTC 2017]; parent: Root WebApplicationContext
2017-08-28T19:03:29.303Z||main|DataRouter||ajsc.VandelayService||ERROR|NMBS-VANDELAYSVC-0565: For user [data-router service], [{}] failed to import due to non-existent Context name 
2017-08-28T19:03:29.364Z||main|DataRouter||ajsc.VandelayService||ERROR|NMBS-VANDELAYSVC-0565: For user [data-router service], [{}] failed to import due to non-existent Context name 
2017-08-28T19:03:29.366Z||main|DataRouter||ajsc.VandelayService||ERROR|NMBS-VANDELAYSVC-0565: For user [data-router service], [{}] failed to import due to non-existent Context name 
2017-08-28T19:03:29.372Z||main|DataRouter||ajsc.VandelayService||ERROR|NMBS-VANDELAYSVC-0565: For user [data-router service], [{}] failed to import due to non-existent Context name 
2017-08-28T19:03:29.374Z||main|DataRouter||ajsc.VandelayService||ERROR|NMBS-VANDELAYSVC-0565: For user [data-router service], [{}] failed to import due to non-existent Context name 
2017-08-28T19:03:29.504Z||main|DataRouter||ajsc.VandelayService||ERROR|NMBS-VANDELAYSVC-0565: For user [data-router service], [{}] failed to import due to non-existent Context name 
2017-08-28T19:03:29.508Z||main|DataRouter||ajsc.VandelayService||ERROR|NMBS-VANDELAYSVC-0565: For user [data-router service], [{}] failed to import due to non-existent Context name 
2017-08-28T19:03:52.545Z||main|DataRouter||ajsc.VandelayService||ERROR|NMBS-VANDELAYSVC-0565: For user [data-router service], [{}] failed to import due to non-existent Context name 
2017-08-28T19:03:54.581Z||main|DataRouter||com.att.ajsc.csi.restmethodmap.RestMethodMapInterceptor||INFO|Creating new RestMethodMapInterceptor...
2017-08-28T19:03:54.634Z||main|DataRouter||com.att.ajsc.csi.restmethodmap.RefresheableSimpleRouteMatcher||INFO|Refresh of service spec from file /opt/app/data-router/bundleconfig/etc/appprops/methodMapper.properties
2017-08-28T19:03:54.665Z||main|DataRouter||com.att.ajsc.csi.restmethodmap.RefresheableSimpleRouteMatcher||INFO|Reading file...
2017-08-28T19:03:55.286Z||main|DataRouter||com.att.ajsc.csi.restmethodmap.RefresheableSimpleRouteMatcher||INFO|Creating new matcher...
2017-08-28T19:38:48.681Z||main|DataRouter||ajsc.VandelayService||ERROR|NMBS-VANDELAYSVC-0565: For user [data-router service], [{}] failed to import due to non-existent Context name 
2017-08-28T19:38:48.774Z||main|DataRouter||ajsc.VandelayService||ERROR|NMBS-VANDELAYSVC-0565: For user [data-router service], [{}] failed to import due to non-existent Context name 
2017-08-28T19:38:48.774Z||main|DataRouter||ajsc.VandelayService||ERROR|NMBS-VANDELAYSVC-0565: For user [data-router service], [{}] failed to import due to non-existent Context name 
2017-08-28T19:38:48.800Z||main|DataRouter||ajsc.VandelayService||ERROR|NMBS-VANDELAYSVC-0565: For user [data-router service], [{}] failed to import due to non-existent Context name 
2017-08-28T19:38:48.810Z||main|DataRouter||ajsc.VandelayService||ERROR|NMBS-VANDELAYSVC-0565: For user [data-router service], [{}] failed to import due to non-existent Context name 
2017-08-28T19:38:48.814Z||main|DataRouter||ajsc.VandelayService||ERROR|NMBS-VANDELAYSVC-0565: For user [data-router service], [{}] failed to import due to non-existent Context name 
2017-08-28T19:38:48.821Z||main|DataRouter||ajsc.VandelayService||ERROR|NMBS-VANDELAYSVC-0565: For user [data-router service], [{}] failed to import due to non-existent Context name 
2017-08-28T19:38:53.478Z||main|DataRouter||ajsc.VandelayService||ERROR|NMBS-VANDELAYSVC-0565: For user [data-router service], [{}] failed to import due to non-existent Context name 
2017-08-28T19:38:54.030Z||main|DataRouter||com.att.ajsc.csi.restmethodmap.RestMethodMapInterceptor||INFO|Creating new RestMethodMapInterceptor...
2017-08-28T19:38:54.031Z||main|DataRouter||com.att.ajsc.csi.restmethodmap.RefresheableSimpleRouteMatcher||INFO|Refresh of service spec from file /opt/app/data-router/bundleconfig/etc/appprops/methodMapper.properties
2017-08-28T19:38:54.031Z||main|DataRouter||com.att.ajsc.csi.restmethodmap.RefresheableSimpleRouteMatcher||INFO|Reading file...
2017-08-28T19:38:54.571Z||main|DataRouter||com.att.ajsc.csi.restmethodmap.RefresheableSimpleRouteMatcher||INFO|Creating new matcher...
2017-08-28T19:38:59.052Z||main|DataRouter||org.codehaus.groovy.grails.commons.spring.GrailsApplicationContext||INFO|Refreshing org.codehaus.groovy.grails.commons.spring.GrailsApplicationContext@93f432e: startup date [Mon Aug 28 19:38:59 UTC 2017]; parent: Root WebApplicationContext
2017-08-28T19:39:07.592Z||main|DataRouter||org.openecomp.datarouter.util.OxmModelLoader||INFO|DR0014I|DR0014I Successfully loaded schema: aai_oxm_v8.xml|
2017-08-28T19:39:20.569Z||main|DataRouter||org.openecomp.datarouter.util.OxmModelLoader||INFO|DR0014I|DR0014I Successfully loaded schema: aai_oxm_v10.xml|
2017-08-28T19:39:38.321Z||main|DataRouter||org.openecomp.datarouter.util.OxmModelLoader||INFO|DR0014I|DR0014I Successfully loaded schema: aai_oxm_v11.xml|
2017-08-28T19:39:44.344Z||main|DataRouter||org.openecomp.datarouter.util.OxmModelLoader||INFO|DR0014I|DR0014I Successfully loaded schema: aai_oxm_v9.xml|
2017-08-28T19:39:44.566Z||main|DataRouter||org.openecomp.datarouter.policy.EntityEventPolicy||INFO|EEP0005I|EEP0005I Found OXM model: v8|
2017-08-28T19:39:44.571Z||main|DataRouter||org.openecomp.datarouter.policy.EntityEventPolicy||INFO|EEP0005I|EEP0005I Found OXM model: v9|
2017-08-28T19:39:44.571Z||main|DataRouter||org.openecomp.datarouter.policy.EntityEventPolicy||INFO|EEP0005I|EEP0005I Found OXM model: v10|
2017-08-28T19:39:44.572Z||main|DataRouter||org.openecomp.datarouter.policy.EntityEventPolicy||INFO|EEP0005I|EEP0005I Found OXM model: v11|
2017-08-28T19:39:45.396Z||main|DataRouter||AAIRESTClient||INFO|AC0001I|AC0001I PUT request at url = https://search-data-service:9509/services/search-data-service/v1/search/indexes/entity-search-index/|
2017-08-28T19:40:07.558Z||main|DataRouter||AAIRESTClient||ERROR|AC2002E|AC2002E Error during PUT operation to endpoint at url = https://search-data-service:9509/services/search-data-service/v1/search/indexes/entity-search-index/ with error = java.net.UnknownHostException: search-data-service|
2017-08-28T19:40:07.565Z||main|DataRouter||AAIRESTClient||INFO|AC0003I|AC0003I PUT request operation time = 22490 ms for link = https://search-data-service:9509/services/search-data-service/v1/search/indexes/entity-search-index/|
2017-08-28T19:40:07.566Z||main|DataRouter||AAIRESTClient||INFO|AC0004I|AC0004I request at url = https://search-data-service:9509/services/search-data-service/v1/search/indexes/entity-search-index/ resulted in http response: 500 Internal Server Error|
2017-08-28T19:40:07.567Z||main|DataRouter||org.openecomp.datarouter.policy.EntityEventPolicy||ERROR|EEP012E|EEP012E Failed to create Search index entity-search-index due to: Error during GET operation to AAI with message = java.net.UnknownHostException: search-data-service   |
2017-08-28T19:40:07.570Z||main|DataRouter||AAIRESTClient||INFO|AC0001I|AC0001I PUT request at url = https://search-data-service:9509/services/search-data-service/v1/search/indexes/topography-search-index/|
2017-08-28T19:40:07.589Z||main|DataRouter||AAIRESTClient||ERROR|AC2002E|AC2002E Error during PUT operation to endpoint at url = https://search-data-service:9509/services/search-data-service/v1/search/indexes/topography-search-index/ with error = java.net.UnknownHostException: search-data-service|
2017-08-28T19:40:07.602Z||main|DataRouter||AAIRESTClient||INFO|AC0003I|AC0003I PUT request operation time = 31 ms for link = https://search-data-service:9509/services/search-data-service/v1/search/indexes/topography-search-index/|
2017-08-28T19:40:07.607Z||main|DataRouter||AAIRESTClient||INFO|AC0004I|AC0004I request at url = https://search-data-service:9509/services/search-data-service/v1/search/indexes/topography-search-index/ resulted in http response: 500 Internal Server Error|
2017-08-28T19:40:07.614Z||main|DataRouter||org.openecomp.datarouter.policy.EntityEventPolicy||ERROR|EEP012E|EEP012E Failed to create Search index topography-search-index due to: Error during GET operation to AAI with message = java.net.UnknownHostException: search-data-service   |
2017-08-28T19:40:07.619Z||main|DataRouter||org.openecomp.datarouter.policy.EntityEventPolicy||INFO|EEP0007I|EEP0007I Entity Event Policy component started.|
2017-08-28T19:40:13.441Z||main|DataRouter||org.apache.camel.impl.converter.DefaultTypeConverter||WARN|Overriding type converter from: StaticMethodTypeConverter: public static java.io.InputStream org.apache.camel.component.http4.HttpConverter.toInputStream(javax.servlet.http.HttpServletRequest,org.apache.camel.Exchange) throws java.io.IOException to: StaticMethodTypeConverter: public static java.io.InputStream org.apache.camel.component.http.HttpConverter.toInputStream(javax.servlet.http.HttpServletRequest,org.apache.camel.Exchange) throws java.io.IOException
2017-08-28T19:40:13.441Z||main|DataRouter||org.apache.camel.impl.converter.DefaultTypeConverter||WARN|Overriding type converter from: StaticMethodTypeConverter: public static javax.servlet.http.HttpServletRequest org.apache.camel.component.http4.HttpConverter.toServletRequest(org.apache.camel.Message) to: StaticMethodTypeConverter: public static javax.servlet.http.HttpServletRequest org.apache.camel.component.http.HttpConverter.toServletRequest(org.apache.camel.Message)
2017-08-28T19:40:13.441Z||main|DataRouter||org.apache.camel.impl.converter.DefaultTypeConverter||WARN|Overriding type converter from: StaticMethodTypeConverter: public static javax.servlet.http.HttpServletResponse org.apache.camel.component.http4.HttpConverter.toServletResponse(org.apache.camel.Message) to: StaticMethodTypeConverter: public static javax.servlet.http.HttpServletResponse org.apache.camel.component.http.HttpConverter.toServletResponse(org.apache.camel.Message)
2017-08-28T19:40:24.580Z||main|DataRouter||ajsc.ComputeService||ERROR|NMBS-COMPUTESVC-0042: addRoute for data-router:entity-event:v1 failed  - EXCEPTION: null
CAUSED BY: org.xml.sax.SAXParseException; lineNumber: 2; columnNumber: 109; Element type "from" must be followed by either attribute specifications, ">" or "/>".  
STACKTRACE: at com.sun.xml.bind.v2.runtime.unmarshaller.UnmarshallerImpl(createUnmarshalException:578)
at com.sun.xml.bind.v2.runtime.unmarshaller.UnmarshallerImpl(unmarshal0:264)
at com.sun.xml.bind.v2.runtime.unmarshaller.UnmarshallerImpl(unmarshal:229)
at ajsc.ComputeService(getRouteDefinition:793)
at ajsc.ComputeService$getRouteDefinition$3(callCurrent:-1)
at ajsc.ComputeService(addRoute:820)
at ajsc.ComputeService$_init_closure15(doCall:970)
at ajsc.ComputeService(init:970)
at ajsc.ComputeService$init(call:-1)
at ajsc.RouteMgmtService(init:148)
at ajsc.RouteMgmtService$init$0(call:-1)
at ajsc.ContextMgr(onApplicationEvent:19)
at org.springframework.context.event.SimpleApplicationEventMulticaster(invokeListener:163)
at org.springframework.context.event.SimpleApplicationEventMulticaster(multicastEvent:136)
at org.springframework.context.support.AbstractApplicationContext(publishEvent:381)
at org.springframework.context.support.AbstractApplicationContext(publishEvent:335)
at org.springframework.context.support.AbstractApplicationContext(finishRefresh:855)
at org.springframework.context.support.AbstractApplicationContext(refresh:541)
at org.springframework.web.context.ContextLoader(configureAndRefreshWebApplicationContext:444)
at org.springframework.web.context.ContextLoader(initWebApplicationContext:326)
at org.springframework.web.context.ContextLoaderListener(contextInitialized:107)
at org.eclipse.jetty.server.handler.ContextHandler(callContextInitialized:800)
at org.eclipse.jetty.servlet.ServletContextHandler(callContextInitialized:444)
at org.eclipse.jetty.server.handler.ContextHandler(startContext:791)
at org.eclipse.jetty.servlet.ServletContextHandler(startContext:294)
at org.eclipse.jetty.webapp.WebAppContext(startWebapp:1349)
at org.eclipse.jetty.webapp.WebAppContext(startContext:1342)
at org.eclipse.jetty.server.handler.ContextHandler(doStart:741)
at org.eclipse.jetty.webapp.WebAppContext(doStart:505)
at org.eclipse.jetty.util.component.AbstractLifeCycle(start:68)
at org.eclipse.jetty.util.component.ContainerLifeCycle(start:132)
at org.eclipse.jetty.util.component.ContainerLifeCycle(doStart:114)
at org.eclipse.jetty.server.handler.AbstractHandler(doStart:61)
at org.eclipse.jetty.server.handler.ContextHandlerCollection(doStart:163)
at org.eclipse.jetty.util.component.AbstractLifeCycle(start:68)
at org.eclipse.jetty.util.component.ContainerLifeCycle(start:132)
at org.eclipse.jetty.server.Server(start:387)
at org.eclipse.jetty.util.component.ContainerLifeCycle(doStart:114)
at org.eclipse.jetty.server.handler.AbstractHandler(doStart:61)
at org.eclipse.jetty.server.Server(doStart:354)
at org.eclipse.jetty.util.component.AbstractLifeCycle(start:68)
at com.att.ajsc.runner.Runner(main:227)

